logger bound on 127.0.0.1:10110, writing /home/g53-dote/ais/ais_20260630T152917Z.nmea
2026-06-30T15:29:18Z starting AIS-catcher (attempt 1)
AIS-catcher (build Jun 27 2026) v0.70-3417-g48289445
(C) Copyright 2021-2026 jvde-github and other contributors
This is free software; see the source for copying conditions. There is NO
warranty; not even for MERCHANTABILITY or FITNESS FOR A PARTICULAR PURPOSE.
Hint: Use '-X on' to share with aiscatcher.org community (enables community overlay) or '-X off' to disable. Currently ON by default.
Searching for device with SN 88873440 and type RTLSDR.
Found Rafael Micro R820T tuner
UDP: open socket for host: 127.0.0.1, port: 10110, msgformat: NMEA, sources: ALL
TCP feed: open socket for host: 185.77.96.227, port: 4242, persist: ON, keep_alive: ON, reset: 180, msgformat: COMMUNITY_HUB, gps OFF, own_interval 10, sources: 1, status: connected

HTML Server running at port 8100
Device    : NESDR SMArt v5
Settings  : rate 1536K format CU8 tuner 40.200001 rtlagc OFF biastee OFF buffer_count 24
Model #0-0 -> (Src: 1, Grp: 1): [AIS engine v0.70] channel AB ps_ema ON afc_wide ON droop ON fp_ds OFF dsk OFF 
2026-06-30T15:29:27.427491+00:00	HEARTBEAT	messages_logged=0
2026-06-30T15:29:37.427693+00:00	HEARTBEAT	messages_logged=0
2026-06-30T15:29:47.427874+00:00	HEARTBEAT	messages_logged=0
[AIS engine v0.70 #0-0]                 received: 0 msgs, total: 0 msgs, rate: 0 msg/s
----------------------
[AIS engine v0.70 #0-0]                 total: 0 msgs

2026-06-30T15:29:55Z AIS-catcher exited (rc=0); restarting in 2s
